15:16:41.260 [main] INFO  testCases.TC004_GymCategory - --//Top 5 car wash services displyed//--
15:16:46.208 [main] INFO  testCases.TC004_GymCategory - --//Review given//--
15:17:27.272 [main] INFO  testCases.TC004_GymCategory - --//Shared and Reported//--
15:17:35.680 [main] INFO  testCases.TC004_GymCategory - --//Free Listing Done//--
15:17:49.849 [main] INFO  testCases.TC004_GymCategory - --//Gym Sub Categories taken//--
15:32:59.761 [main] INFO  testCases.TC004_GymCategory - --//Country chosen and title verified//--
15:33:17.996 [main] INFO  testCases.TC004_GymCategory - --//City chosen//--
15:34:03.569 [main] INFO  testCases.TC004_GymCategory - --//Top 5 car wash services displyed//--
15:34:09.155 [main] INFO  testCases.TC004_GymCategory - --//Review given//--
15:34:57.412 [main] INFO  testCases.TC004_GymCategory - --//Shared and Reported//--
15:35:07.376 [main] INFO  testCases.TC004_GymCategory - --//Free Listing Done//--
15:35:22.772 [main] INFO  testCases.TC004_GymCategory - --//Gym Sub Categories taken//--
16:22:45.812 [main] INFO  testCases.TC004_GymCategory - --//Country chosen and title verified//--
16:23:04.084 [main] INFO  testCases.TC004_GymCategory - --//City chosen//--
16:23:48.692 [main] INFO  testCases.TC004_GymCategory - --//Top 5 car wash services displyed//--
16:23:53.710 [main] INFO  testCases.TC004_GymCategory - --//Review given//--
16:25:05.777 [main] INFO  testCases.TC004_GymCategory - --//Shared and Reported//--
16:25:45.753 [main] INFO  testCases.TC004_GymCategory - --//Free Listing Done//--
16:26:21.358 [main] INFO  testCases.TC004_GymCategory - --//Gym Sub Categories taken//--
11:25:30.759 [main] INFO  testCases.TC004_GymCategory - --//Country chosen and title verified//--
11:25:49.449 [main] INFO  testCases.TC004_GymCategory - --//City chosen//--
11:26:38.174 [main] INFO  testCases.TC004_GymCategory - --//Top 5 car wash services displyed//--
11:26:43.764 [main] INFO  testCases.TC004_GymCategory - --//Review given//--
11:27:26.280 [main] INFO  testCases.TC004_GymCategory - --//Shared and Reported//--
11:27:34.561 [main] INFO  testCases.TC004_GymCategory - --//Free Listing Done//--
11:27:47.643 [main] INFO  testCases.TC004_GymCategory - --//Gym Sub Categories taken//--
11:36:08.291 [main] INFO  testCases.TC004_GymCategory - --//Country chosen and title verified//--
11:36:27.258 [main] INFO  testCases.TC004_GymCategory - --//City chosen//--
11:37:13.894 [main] INFO  testCases.TC004_GymCategory - --//Top 5 car wash services displyed//--
11:37:18.976 [main] INFO  testCases.TC004_GymCategory - --//Review given//--
11:38:19.138 [main] INFO  testCases.TC004_GymCategory - --//Shared and Reported//--
11:50:06.648 [main] INFO  testCases.TC004_GymCategory - --//Country chosen and title verified//--
11:53:11.712 [main] INFO  testCases.TC004_GymCategory - --//Country chosen and title verified//--
11:53:32.197 [main] INFO  testCases.TC004_GymCategory - --//City chosen//--
11:54:19.624 [main] INFO  testCases.TC004_GymCategory - --//Top 5 car wash services displyed//--
11:54:24.117 [main] INFO  testCases.TC004_GymCategory - --//Review given//--
11:55:14.211 [main] INFO  testCases.TC004_GymCategory - --//Shared and Reported//--
11:55:24.354 [main] INFO  testCases.TC004_GymCategory - --//Free Listing Done//--
11:55:38.043 [main] INFO  testCases.TC004_GymCategory - --//Gym Sub Categories taken//--
12:06:08.307 [main] INFO  testCases.TC004_GymCategory - --//Country chosen and title verified//--
12:06:29.666 [main] INFO  testCases.TC004_GymCategory - --//City chosen//--
12:07:21.068 [main] INFO  testCases.TC004_GymCategory - --//Top 5 car wash services displyed//--
12:07:26.032 [main] INFO  testCases.TC004_GymCategory - --//Review given//--
12:08:26.642 [main] INFO  testCases.TC004_GymCategory - --//Shared and Reported//--
12:08:38.804 [main] INFO  testCases.TC004_GymCategory - --//Free Listing Done//--
12:08:52.752 [main] INFO  testCases.TC004_GymCategory - --//Gym Sub Categories taken//--
12:22:55.359 [main] INFO  testCases.TC004_GymCategory - --//Country chosen and title verified//--
12:23:16.062 [main] INFO  testCases.TC004_GymCategory - --//City chosen//--
12:24:08.742 [main] INFO  testCases.TC004_GymCategory - --//Top 5 car wash services displyed//--
12:24:16.062 [main] INFO  testCases.TC004_GymCategory - --//Review given//--
12:25:17.654 [main] INFO  testCases.TC004_GymCategory - --//Shared and Reported//--
12:25:29.896 [main] INFO  testCases.TC004_GymCategory - --//Free Listing Done//--
12:25:47.607 [main] INFO  testCases.TC004_GymCategory - --//Gym Sub Categories taken//--
15:11:32.842 [main] INFO  testCases.TC004_GymCategory - --//Country chosen and title verified//--
15:11:50.812 [main] INFO  testCases.TC004_GymCategory - --//City chosen//--
15:12:39.199 [main] INFO  testCases.TC004_GymCategory - --//Top 5 car wash services displyed//--
15:12:48.071 [main] INFO  testCases.TC004_GymCategory - --//Review given//--
15:13:42.414 [main] INFO  testCases.TC004_GymCategory - --//Shared and Reported//--
