11:54:58.221 [main] INFO  testCases.TC004_GymCategory - --//Gym Sub Categories taken//--
12:13:25.026 [main] INFO  testCases.TC004_GymCategory - --//Country chosen//--
12:13:45.609 [main] INFO  testCases.TC004_GymCategory - --//City chosen//--
12:14:30.116 [main] INFO  testCases.TC004_GymCategory - --//Top 5 car wash services displyed//--
12:14:34.745 [main] INFO  testCases.TC004_GymCategory - --//Review given//--
12:15:56.546 [main] INFO  testCases.TC004_GymCategory - --//Shared and Reported//--
12:16:50.492 [main] INFO  testCases.TC004_GymCategory - --//Free Listing Done//--
12:18:00.163 [main] INFO  testCases.TC004_GymCategory - --//Gym Sub Categories taken//--
12:37:30.017 [main] INFO  testCases.TC004_GymCategory - --//Country chosen//--
12:37:52.564 [main] INFO  testCases.TC004_GymCategory - --//City chosen//--
12:38:37.079 [main] INFO  testCases.TC004_GymCategory - --//Top 5 car wash services displyed//--
12:38:52.811 [main] INFO  testCases.TC004_GymCategory - --//Review given//--
12:39:40.272 [main] INFO  testCases.TC004_GymCategory - --//Shared and Reported//--
12:39:54.904 [main] INFO  testCases.TC004_GymCategory - --//Free Listing Done//--
12:40:10.281 [main] INFO  testCases.TC004_GymCategory - --//Gym Sub Categories taken//--
12:44:21.528 [main] INFO  testCases.TC004_GymCategory - --//Country chosen//--
12:44:39.995 [main] INFO  testCases.TC004_GymCategory - --//City chosen//--
12:45:30.254 [main] INFO  testCases.TC004_GymCategory - --//Top 5 car wash services displyed//--
12:45:35.817 [main] INFO  testCases.TC004_GymCategory - --//Review given//--
12:46:21.603 [main] INFO  testCases.TC004_GymCategory - --//Shared and Reported//--
12:46:31.418 [main] INFO  testCases.TC004_GymCategory - --//Free Listing Done//--
12:46:55.301 [main] INFO  testCases.TC004_GymCategory - --//Gym Sub Categories taken//--
13:01:02.458 [main] INFO  testCases.TC004_GymCategory - --//Country chosen and title verified//--
13:01:23.251 [main] INFO  testCases.TC004_GymCategory - --//City chosen//--
13:02:19.925 [main] INFO  testCases.TC004_GymCategory - --//Top 5 car wash services displyed//--
13:02:25.476 [main] INFO  testCases.TC004_GymCategory - --//Review given//--
13:03:12.739 [main] INFO  testCases.TC004_GymCategory - --//Shared and Reported//--
13:03:26.439 [main] INFO  testCases.TC004_GymCategory - --//Free Listing Done//--
13:03:40.290 [main] INFO  testCases.TC004_GymCategory - --//Gym Sub Categories taken//--
13:07:27.639 [main] INFO  testCases.TC004_GymCategory - --//Country chosen and title verified//--
13:07:45.303 [main] INFO  testCases.TC004_GymCategory - --//City chosen//--
13:08:17.889 [main] INFO  testCases.TC004_GymCategory - --//Free Listing Done//--
13:08:31.995 [main] INFO  testCases.TC004_GymCategory - --//Gym Sub Categories taken//--
13:09:26.507 [main] INFO  testCases.TC004_GymCategory - --//Country chosen and title verified//--
13:09:46.939 [main] INFO  testCases.TC004_GymCategory - --//City chosen//--
13:10:37.295 [main] INFO  testCases.TC004_GymCategory - --//Free Listing Done//--
14:24:15.751 [main] INFO  testCases.TC004_GymCategory - --//Country chosen and title verified//--
14:24:33.458 [main] INFO  testCases.TC004_GymCategory - --//City chosen//--
14:25:17.534 [main] INFO  testCases.TC004_GymCategory - --//Top 5 car wash services displyed//--
14:25:32.825 [main] INFO  testCases.TC004_GymCategory - --//Review given//--
14:31:06.309 [main] INFO  testCases.TC004_GymCategory - --//Country chosen and title verified//--
14:32:18.884 [main] INFO  testCases.TC004_GymCategory - --//City chosen//--
14:33:03.142 [main] INFO  testCases.TC004_GymCategory - --//Top 5 car wash services displyed//--
14:33:30.157 [main] INFO  testCases.TC004_GymCategory - --//Free Listing Done//--
14:34:01.106 [main] INFO  testCases.TC004_GymCategory - --//Gym Sub Categories taken//--
14:39:08.091 [main] INFO  testCases.TC004_GymCategory - --//Country chosen and title verified//--
14:39:30.861 [main] INFO  testCases.TC004_GymCategory - --//City chosen//--
14:40:27.975 [main] INFO  testCases.TC004_GymCategory - --//Top 5 car wash services displyed//--
14:40:39.841 [main] INFO  testCases.TC004_GymCategory - --//Review given//--
14:41:36.413 [main] INFO  testCases.TC004_GymCategory - --//Shared and Reported//--
14:41:48.758 [main] INFO  testCases.TC004_GymCategory - --//Free Listing Done//--
14:42:05.458 [main] INFO  testCases.TC004_GymCategory - --//Gym Sub Categories taken//--
14:45:03.903 [main] INFO  testCases.TC004_GymCategory - --//Country chosen and title verified//--
14:45:27.652 [main] INFO  testCases.TC004_GymCategory - --//City chosen//--
14:46:24.338 [main] INFO  testCases.TC004_GymCategory - --//Top 5 car wash services displyed//--
14:46:32.985 [main] INFO  testCases.TC004_GymCategory - --//Review given//--
15:15:39.092 [main] INFO  testCases.TC004_GymCategory - --//Country chosen and title verified//--
15:15:56.870 [main] INFO  testCases.TC004_GymCategory - --//City chosen//--
